14:30:35.784 [main] INFO  api.test.UserTests - -----------------Creating User---------------
14:30:38.235 [main] INFO  api.test.UserTests - -----------------User is created---------------
14:30:38.243 [main] INFO  api.test.UserTests - -----------------Reading User Info---------------
14:30:38.397 [main] INFO  api.test.UserTests - -----------------Reading User Info displayed---------------
14:30:38.405 [main] INFO  api.test.UserTests - -----------------Updating User Info---------------
14:30:38.562 [main] INFO  api.test.UserTests - -----------------User Info updated---------------
14:30:38.706 [main] INFO  api.test.UserTests - -----------------Deleting User---------------
14:30:38.830 [main] INFO  api.test.UserTests - -----------------User deleted---------------
15:50:32.868 [main] INFO  api.test.UserTests2 - -----------------Creating User---------------
15:50:34.247 [main] INFO  api.test.UserTests2 - -----------------User is created---------------
15:50:34.262 [main] INFO  api.test.UserTests2 - -----------------Reading User Info---------------
15:50:34.387 [main] INFO  api.test.UserTests2 - -----------------Reading User Info displayed---------------
15:50:34.390 [main] INFO  api.test.UserTests2 - -----------------Updating User Info---------------
15:50:34.499 [main] INFO  api.test.UserTests2 - -----------------User Info updated---------------
15:50:34.633 [main] INFO  api.test.UserTests2 - -----------------Deleting User---------------
15:50:34.744 [main] INFO  api.test.UserTests2 - -----------------User deleted---------------
20:52:23.935 [main] INFO  api.test.UserTests2 - -----------------Creating User---------------
20:52:25.538 [main] INFO  api.test.UserTests2 - -----------------User is created---------------
20:52:25.563 [main] INFO  api.test.UserTests2 - -----------------Reading User Info---------------
20:52:25.711 [main] INFO  api.test.UserTests2 - -----------------Reading User Info displayed---------------
20:52:25.716 [main] INFO  api.test.UserTests2 - -----------------Updating User Info---------------
20:52:25.838 [main] INFO  api.test.UserTests2 - -----------------User Info updated---------------
20:52:25.944 [main] INFO  api.test.UserTests2 - -----------------Deleting User---------------
20:52:26.047 [main] INFO  api.test.UserTests2 - -----------------User deleted---------------
21:25:55.923 [main] INFO  api.test.UserTests2 - -----------------Creating User---------------
21:25:57.257 [main] INFO  api.test.UserTests2 - -----------------User is created---------------
21:25:57.265 [main] INFO  api.test.UserTests2 - -----------------Reading User Info---------------
21:25:57.395 [main] INFO  api.test.UserTests2 - -----------------Reading User Info displayed---------------
21:25:57.397 [main] INFO  api.test.UserTests2 - -----------------Updating User Info---------------
21:25:57.525 [main] INFO  api.test.UserTests2 - -----------------User Info updated---------------
21:25:57.647 [main] INFO  api.test.UserTests2 - -----------------Deleting User---------------
21:25:57.761 [main] INFO  api.test.UserTests2 - -----------------User deleted---------------
21:31:00.454 [main] INFO  api.test.UserTests2 - -----------------Creating User---------------
21:31:01.734 [main] INFO  api.test.UserTests2 - -----------------User is created---------------
21:31:01.744 [main] INFO  api.test.UserTests2 - -----------------Reading User Info---------------
21:31:01.871 [main] INFO  api.test.UserTests2 - -----------------Reading User Info displayed---------------
21:31:01.873 [main] INFO  api.test.UserTests2 - -----------------Updating User Info---------------
21:31:01.990 [main] INFO  api.test.UserTests2 - -----------------User Info updated---------------
21:31:02.098 [main] INFO  api.test.UserTests2 - -----------------Deleting User---------------
21:31:02.202 [main] INFO  api.test.UserTests2 - -----------------User deleted---------------
21:32:18.500 [main] INFO  api.test.UserTests2 - -----------------Creating User---------------
21:32:19.789 [main] INFO  api.test.UserTests2 - -----------------User is created---------------
21:32:19.799 [main] INFO  api.test.UserTests2 - -----------------Reading User Info---------------
21:32:19.931 [main] INFO  api.test.UserTests2 - -----------------Reading User Info displayed---------------
21:32:19.934 [main] INFO  api.test.UserTests2 - -----------------Updating User Info---------------
21:32:20.056 [main] INFO  api.test.UserTests2 - -----------------User Info updated---------------
21:32:20.171 [main] INFO  api.test.UserTests2 - -----------------Deleting User---------------
21:32:20.283 [main] INFO  api.test.UserTests2 - -----------------User deleted---------------
21:33:12.574 [main] INFO  api.test.UserTests2 - -----------------Creating User---------------
21:33:13.775 [main] INFO  api.test.UserTests2 - -----------------User is created---------------
21:33:13.785 [main] INFO  api.test.UserTests2 - -----------------Reading User Info---------------
21:33:13.924 [main] INFO  api.test.UserTests2 - -----------------Reading User Info displayed---------------
21:33:13.926 [main] INFO  api.test.UserTests2 - -----------------Updating User Info---------------
21:33:14.043 [main] INFO  api.test.UserTests2 - -----------------User Info updated---------------
21:33:14.158 [main] INFO  api.test.UserTests2 - -----------------Deleting User---------------
21:33:14.293 [main] INFO  api.test.UserTests2 - -----------------User deleted---------------
21:35:11.432 [main] INFO  api.test.UserTests2 - -----------------Creating User---------------
21:35:12.663 [main] INFO  api.test.UserTests2 - -----------------User is created---------------
21:35:12.672 [main] INFO  api.test.UserTests2 - -----------------Reading User Info---------------
21:35:12.793 [main] INFO  api.test.UserTests2 - -----------------Reading User Info displayed---------------
21:35:12.795 [main] INFO  api.test.UserTests2 - -----------------Updating User Info---------------
21:35:12.906 [main] INFO  api.test.UserTests2 - -----------------User Info updated---------------
21:35:13.016 [main] INFO  api.test.UserTests2 - -----------------Deleting User---------------
21:35:13.133 [main] INFO  api.test.UserTests2 - -----------------User deleted---------------
21:41:28.145 [main] INFO  api.test.UserTests2 - -----------------Creating User---------------
21:41:29.364 [main] INFO  api.test.UserTests2 - -----------------User is created---------------
21:41:29.372 [main] INFO  api.test.UserTests2 - -----------------Reading User Info---------------
21:41:29.496 [main] INFO  api.test.UserTests2 - -----------------Reading User Info displayed---------------
21:41:29.498 [main] INFO  api.test.UserTests2 - -----------------Updating User Info---------------
21:41:29.624 [main] INFO  api.test.UserTests2 - -----------------User Info updated---------------
21:41:29.744 [main] INFO  api.test.UserTests2 - -----------------Deleting User---------------
21:41:29.870 [main] INFO  api.test.UserTests2 - -----------------User deleted---------------
23:09:17.403 [main] INFO  api.test.UserTests2 - -----------------Creating User---------------
23:09:18.692 [main] INFO  api.test.UserTests2 - -----------------User is created---------------
23:09:18.700 [main] INFO  api.test.UserTests2 - -----------------Reading User Info---------------
23:09:18.828 [main] INFO  api.test.UserTests2 - -----------------Reading User Info displayed---------------
23:09:18.832 [main] INFO  api.test.UserTests2 - -----------------Updating User Info---------------
23:09:18.962 [main] INFO  api.test.UserTests2 - -----------------User Info updated---------------
23:09:19.088 [main] INFO  api.test.UserTests2 - -----------------Deleting User---------------
23:09:19.216 [main] INFO  api.test.UserTests2 - -----------------User deleted---------------
21:11:33.127 [main] INFO  api.test.UserTests2 - -----------------Creating User---------------
21:11:34.782 [main] INFO  api.test.UserTests2 - -----------------User is created---------------
21:11:34.793 [main] INFO  api.test.UserTests2 - -----------------Reading User Info---------------
21:11:34.939 [main] INFO  api.test.UserTests2 - -----------------Reading User Info displayed---------------
21:11:34.941 [main] INFO  api.test.UserTests2 - -----------------Updating User Info---------------
21:11:35.066 [main] INFO  api.test.UserTests2 - -----------------User Info updated---------------
21:11:35.187 [main] INFO  api.test.UserTests2 - -----------------Deleting User---------------
21:11:35.302 [main] INFO  api.test.UserTests2 - -----------------User deleted---------------
21:27:34.041 [main] INFO  api.test.UserTests2 - -----------------Creating User---------------
21:27:35.338 [main] INFO  api.test.UserTests2 - -----------------User is created---------------
21:27:35.351 [main] INFO  api.test.UserTests2 - -----------------Reading User Info---------------
21:27:35.479 [main] INFO  api.test.UserTests2 - -----------------Reading User Info displayed---------------
21:27:35.479 [main] INFO  api.test.UserTests2 - -----------------Updating User Info---------------
21:27:35.606 [main] INFO  api.test.UserTests2 - -----------------User Info updated---------------
21:27:35.714 [main] INFO  api.test.UserTests2 - -----------------Deleting User---------------
21:27:35.866 [main] INFO  api.test.UserTests2 - -----------------User deleted---------------
21:35:10.635 [main] INFO  api.test.UserTests2 - -----------------Creating User---------------
21:35:12.491 [main] INFO  api.test.UserTests2 - -----------------User is created---------------
21:35:12.501 [main] INFO  api.test.UserTests2 - -----------------Reading User Info---------------
21:35:12.634 [main] INFO  api.test.UserTests2 - -----------------Reading User Info displayed---------------
21:35:12.634 [main] INFO  api.test.UserTests2 - -----------------Updating User Info---------------
21:35:12.760 [main] INFO  api.test.UserTests2 - -----------------User Info updated---------------
21:35:12.878 [main] INFO  api.test.UserTests2 - -----------------Deleting User---------------
21:35:12.987 [main] INFO  api.test.UserTests2 - -----------------User deleted---------------
21:44:54.978 [main] INFO  api.test.UserTests2 - -----------------Creating User---------------
21:44:56.299 [main] INFO  api.test.UserTests2 - -----------------User is created---------------
21:44:56.306 [main] INFO  api.test.UserTests2 - -----------------Reading User Info---------------
21:44:56.430 [main] INFO  api.test.UserTests2 - -----------------Reading User Info displayed---------------
21:44:56.434 [main] INFO  api.test.UserTests2 - -----------------Updating User Info---------------
21:44:56.558 [main] INFO  api.test.UserTests2 - -----------------User Info updated---------------
21:44:56.668 [main] INFO  api.test.UserTests2 - -----------------Deleting User---------------
21:44:56.769 [main] INFO  api.test.UserTests2 - -----------------User deleted---------------
21:45:51.332 [main] INFO  api.test.UserTests2 - -----------------Creating User---------------
21:45:52.549 [main] INFO  api.test.UserTests2 - -----------------User is created---------------
21:45:52.557 [main] INFO  api.test.UserTests2 - -----------------Reading User Info---------------
21:45:52.690 [main] INFO  api.test.UserTests2 - -----------------Reading User Info displayed---------------
21:45:52.692 [main] INFO  api.test.UserTests2 - -----------------Updating User Info---------------
21:45:52.818 [main] INFO  api.test.UserTests2 - -----------------User Info updated---------------
21:45:52.918 [main] INFO  api.test.UserTests2 - -----------------Deleting User---------------
21:45:53.028 [main] INFO  api.test.UserTests2 - -----------------User deleted---------------
22:32:58.676 [main] INFO  api.test.UserTests - -----------------Creating User---------------
22:32:58.901 [main] INFO  api.test.UserTests - -----------------User is created---------------
22:32:58.904 [main] INFO  api.test.UserTests - -----------------Reading User Info---------------
22:32:59.016 [main] INFO  api.test.UserTests - -----------------Reading User Info displayed---------------
22:32:59.020 [main] INFO  api.test.UserTests - -----------------Updating User Info---------------
22:32:59.141 [main] INFO  api.test.UserTests - -----------------User Info updated---------------
22:32:59.252 [main] INFO  api.test.UserTests - -----------------Deleting User---------------
22:32:59.372 [main] INFO  api.test.UserTests - -----------------User deleted---------------
22:48:48.938 [main] INFO  api.test.UserTests - -----------------Creating User---------------
22:48:49.139 [main] INFO  api.test.UserTests - -----------------User is created---------------
22:48:49.143 [main] INFO  api.test.UserTests - -----------------Reading User Info---------------
22:48:49.266 [main] INFO  api.test.UserTests - -----------------Reading User Info displayed---------------
22:48:49.269 [main] INFO  api.test.UserTests - -----------------Updating User Info---------------
22:48:49.388 [main] INFO  api.test.UserTests - -----------------User Info updated---------------
22:48:49.500 [main] INFO  api.test.UserTests - -----------------Deleting User---------------
22:48:49.600 [main] INFO  api.test.UserTests - -----------------User deleted---------------
